qt.core.plugin.factoryloader: checking directory path "D:/ghostty-blackhole-main-main/ghostty-blackhole-main/ghostty-blackhole-main/Blakhole_UI/build_qt/platforms" ...
qt.core.plugin.factoryloader: looking at "qwindows.dll"
qt.core.plugin.loader: Found metadata in lib D:/ghostty-blackhole-main-main/ghostty-blackhole-main/ghostty-blackhole-main/Blakhole_UI/build_qt/platforms/qwindows.dll, metadata=
{
    "IID": "org.qt-project.Qt.QPA.QPlatformIntegrationFactoryInterface.5.3",
    "MetaData": {
        "Keys": [
            "windows"
        ]
    },
    "archlevel": 2,
    "className": "QWindowsIntegrationPlugin",
    "debug": false,
    "version": 395264
}


qt.core.plugin.factoryloader: Got keys from plugin meta data QList("windows")
qt.core.library: "D:/ghostty-blackhole-main-main/ghostty-blackhole-main/ghostty-blackhole-main/Blakhole_UI/build_qt/platforms/qwindows.dll" loaded library
qt.core.plugin.factoryloader: checking directory path "D:/ghostty-blackhole-main-main/ghostty-blackhole-main/ghostty-blackhole-main/Blakhole_UI/build_qt/platformthemes" ...
qt.core.plugin.factoryloader: checking directory path "D:/ghostty-blackhole-main-main/ghostty-blackhole-main/ghostty-blackhole-main/Blakhole_UI/build_qt/styles" ...
qt.core.plugin.factoryloader: looking at "qmodernwindowsstyle.dll"
qt.core.plugin.loader: Found metadata in lib D:/ghostty-blackhole-main-main/ghostty-blackhole-main/ghostty-blackhole-main/Blakhole_UI/build_qt/styles/qmodernwindowsstyle.dll, metadata=
{
    "IID": "org.qt-project.Qt.QStyleFactoryInterface",
    "MetaData": {
        "Keys": [
            "windowsvista",
            "windows11"
        ]
    },
    "archlevel": 2,
    "className": "QModernWindowsStylePlugin",
    "debug": false,
    "version": 395264
}


qt.core.plugin.factoryloader: Got keys from plugin meta data QList("windowsvista", "windows11")
qt.core.library: "D:/ghostty-blackhole-main-main/ghostty-blackhole-main/ghostty-blackhole-main/Blakhole_UI/build_qt/styles/qmodernwindowsstyle.dll" loaded library
qt.core.plugin.factoryloader: checking directory path "D:/ghostty-blackhole-main-main/ghostty-blackhole-main/ghostty-blackhole-main/Blakhole_UI/build_qt/iconengines" ...
qt.core.plugin.factoryloader: checking directory path "D:/ghostty-blackhole-main-main/ghostty-blackhole-main/ghostty-blackhole-main/Blakhole_UI/build_qt/imageformats" ...
qt.core.plugin.factoryloader: looking at "qgif.dll"
qt.core.plugin.loader: Found metadata in lib D:/ghostty-blackhole-main-main/ghostty-blackhole-main/ghostty-blackhole-main/Blakhole_UI/build_qt/imageformats/qgif.dll, metadata=
{
    "IID": "org.qt-project.Qt.QImageIOHandlerFactoryInterface",
    "MetaData": {
        "Keys": [
            "gif"
        ],
        "MimeTypes": [
            "image/gif"
        ]
    },
    "archlevel": 2,
    "className": "QGifPlugin",
    "debug": false,
    "version": 395264
}


qt.core.plugin.factoryloader: Got keys from plugin meta data QList("gif")
qt.core.plugin.factoryloader: looking at "qico.dll"
qt.core.plugin.loader: Found metadata in lib D:/ghostty-blackhole-main-main/ghostty-blackhole-main/ghostty-blackhole-main/Blakhole_UI/build_qt/imageformats/qico.dll, metadata=
{
    "IID": "org.qt-project.Qt.QImageIOHandlerFactoryInterface",
    "MetaData": {
        "Keys": [
            "ico",
            "cur"
        ],
        "MimeTypes": [
            "image/vnd.microsoft.icon",
            "image/vnd.microsoft.icon"
        ]
    },
    "archlevel": 2,
    "className": "QICOPlugin",
    "debug": false,
    "version": 395264
}


qt.core.plugin.factoryloader: Got keys from plugin meta data QList("ico", "cur")
qt.core.plugin.factoryloader: looking at "qjpeg.dll"
qt.core.plugin.loader: Found metadata in lib D:/ghostty-blackhole-main-main/ghostty-blackhole-main/ghostty-blackhole-main/Blakhole_UI/build_qt/imageformats/qjpeg.dll, metadata=
{
    "IID": "org.qt-project.Qt.QImageIOHandlerFactoryInterface",
    "MetaData": {
        "Keys": [
            "jpg",
            "jpeg",
            "jfif"
        ],
        "MimeTypes": [
            "image/jpeg",
            "image/jpeg",
            "image/jpeg"
        ]
    },
    "archlevel": 2,
    "className": "QJpegPlugin",
    "debug": false,
    "version": 395264
}


qt.core.plugin.factoryloader: Got keys from plugin meta data QList("jpg", "jpeg", "jfif")
qt.core.library: "D:/ghostty-blackhole-main-main/ghostty-blackhole-main/ghostty-blackhole-main/Blakhole_UI/build_qt/imageformats/qico.dll" loaded library
qt.qml.import: addImportPath: "D:/ghostty-blackhole-main-main/ghostty-blackhole-main/ghostty-blackhole-main/Blakhole_UI/build_qt/share/qt6/qml"
qt.qml.import: addImportPath: "qrc:/qt/qml"
qt.qml.import: addImportPath: "qrc:/qt-project.org/imports"
qt.qml.import: addImportPath: "D:/ghostty-blackhole-main-main/ghostty-blackhole-main/ghostty-blackhole-main/Blakhole_UI/build_qt"
BlackHoleCore: config file not found, using defaults: "D:/ghostty-blackhole-main-main/ghostty-blackhole-main/ghostty-blackhole-main/Blakhole_UI/build_qt/blackhole_presets.txt"
qt.qml.import: addLibraryImport:  "BlakholeUI" version "(latest)" as ""
qt.qml.import: importExtension:  loaded "D:/ghostty-blackhole-main-main/ghostty-blackhole-main/ghostty-blackhole-main/Blakhole_UI/build_qt/BlakholeUI/qmldir"
qt.qml.import: locateLocalQmldir: BlakholeUI module's qmldir found at ""
qt.qml.import: resolveType:  "Main"  =>  ""   QUrl("qrc:/qt/qml/BlakholeUI/Main.qml")  TYPE/URL
qt.qml.import: addLibraryImport: qrc:/qt/qml/BlakholeUI/Main.qml "QtQuick" version "(latest)" as ""
qt.qml.import: importExtension: qrc:/qt/qml/BlakholeUI/Main.qml loaded ":/qt-project.org/imports/QtQuick/qmldir"
qt.qml.import: resolvePlugin Could not resolve dynamic plugin with base name "qtquick2plugin" in ":/qt-project.org/imports/QtQuick"  file does not exist
qt.qml.import: loading dependent import "QtQml" version 6.8 as ""
qt.qml.import: addLibraryImport: qrc:/qt/qml/BlakholeUI/Main.qml "QtQml" version "6.8" as ""
qt.qml.import: importExtension: qrc:/qt/qml/BlakholeUI/Main.qml loaded ":/qt-project.org/imports/QtQml/qmldir"
qt.qml.import: resolvePlugin Could not resolve dynamic plugin with base name "qmlplugin" in ":/qt-project.org/imports/QtQml"  file does not exist
qt.qml.import: loading dependent import "QML" version 1.0 as ""
qt.qml.import: addLibraryImport: qrc:/qt/qml/BlakholeUI/Main.qml "QML" version "1.0" as ""
qt.qml.import: loading dependent import "QtQml.Models" version 6.8 as ""
qt.qml.import: addLibraryImport: qrc:/qt/qml/BlakholeUI/Main.qml "QtQml.Models" version "6.8" as ""
qt.qml.import: importExtension: qrc:/qt/qml/BlakholeUI/Main.qml loaded ":/qt-project.org/imports/QtQml/Models/qmldir"
qt.qml.import: resolvePlugin Could not resolve dynamic plugin with base name "modelsplugin" in ":/qt-project.org/imports/QtQml/Models"  file does not exist
qt.qml.import: locateLocalQmldir: QtQml.Models module's qmldir found at ""
qt.qml.import: loading dependent import "QtQml.WorkerScript" version 6.8 as ""
qt.qml.import: addLibraryImport: qrc:/qt/qml/BlakholeUI/Main.qml "QtQml.WorkerScript" version "6.8" as ""
qt.qml.import: importExtension: qrc:/qt/qml/BlakholeUI/Main.qml loaded ":/qt-project.org/imports/QtQml/WorkerScript/qmldir"
qt.qml.import: resolvePlugin Could not resolve dynamic plugin with base name "workerscriptplugin" in ":/qt-project.org/imports/QtQml/WorkerScript"  file does not exist
qt.qml.import: locateLocalQmldir: QtQml.WorkerScript module's qmldir found at ""
qt.qml.import: locateLocalQmldir: QtQml module's qmldir found at ""
qt.qml.import: locateLocalQmldir: QtQuick module's qmldir found at ""
qt.qml.import: locateLocalQmldir: QtQuick.Controls module's qmldir file not found
qt.qml.import: addLibraryImport: qrc:/qt/qml/BlakholeUI/Main.qml "QtQuick.Controls" version "(latest)" as ""
qt.qml.import: locateLocalQmldir: QtQuick.Layouts module's qmldir file not found
qt.qml.import: addLibraryImport: qrc:/qt/qml/BlakholeUI/Main.qml "QtQuick.Layouts" version "(latest)" as ""
qt.qml.import: locateLocalQmldir: QtQuick.Effects module's qmldir file not found
qt.qml.import: addLibraryImport: qrc:/qt/qml/BlakholeUI/Main.qml "QtQuick.Effects" version "(latest)" as ""
qt.qml.import: addFileImport: qrc:/qt/qml/BlakholeUI/Main.qml "components" version "(latest)" as "Components"
qt.qml.import: importExtension: qrc:/qt/qml/BlakholeUI/Main.qml loaded ":/qt/qml/BlakholeUI/components/qmldir"
qt.qml.import: addLibraryImport: qrc:/qt/qml/BlakholeUI/Main.qml "BlakholeUI" version "1.0" as ""
qt.qml.import: importExtension: qrc:/qt/qml/BlakholeUI/Main.qml loaded "D:/ghostty-blackhole-main-main/ghostty-blackhole-main/ghostty-blackhole-main/Blakhole_UI/build_qt/BlakholeUI/qmldir"
qt.qml.import: locateLocalQmldir: BlakholeUI module's qmldir found at ""
qt.qml.import: addFileImport: qrc:/qt/qml/BlakholeUI/Main.qml "pages" version "(latest)" as "Pages"
qt.qml.import: importExtension: qrc:/qt/qml/BlakholeUI/Main.qml loaded ":/qt/qml/BlakholeUI/pages/qmldir"
qt.qml.diskcache: "qrc:/qt/qml/BlakholeUI/Main.qml:4:1: module \"QtQuick.Effects\" is not installed"
qt.qml.diskcache: "qrc:/qt/qml/BlakholeUI/Main.qml:3:1: module \"QtQuick.Layouts\" is not installed"
qt.qml.diskcache: "qrc:/qt/qml/BlakholeUI/Main.qml:2:1: module \"QtQuick.Controls\" is not installed"
qt.qml.diskcache: "qrc:/qt/qml/BlakholeUI/Main.qml:4:1: module \"QtQuick.Effects\" is not installed"
qt.qml.diskcache: "qrc:/qt/qml/BlakholeUI/Main.qml:3:1: module \"QtQuick.Layouts\" is not installed"
qt.qml.diskcache: "qrc:/qt/qml/BlakholeUI/Main.qml:2:1: module \"QtQuick.Controls\" is not installed"
qt.qml.diskcache: "qrc:/qt/qml/BlakholeUI/Main.qml:4:1: module \"QtQuick.Effects\" is not installed"
qt.qml.diskcache: "qrc:/qt/qml/BlakholeUI/Main.qml:3:1: module \"QtQuick.Layouts\" is not installed"
qt.qml.diskcache: "qrc:/qt/qml/BlakholeUI/Main.qml:2:1: module \"QtQuick.Controls\" is not installed"
QQmlApplicationEngine failed to load component
qrc:/qt/qml/BlakholeUI/Main.qml:4:1: module "QtQuick.Effects" is not installed
qrc:/qt/qml/BlakholeUI/Main.qml:3:1: module "QtQuick.Layouts" is not installed
qrc:/qt/qml/BlakholeUI/Main.qml:2:1: module "QtQuick.Controls" is not installed
qrc:/qt/qml/BlakholeUI/Main.qml:4:1: module "QtQuick.Effects" is not installed
qrc:/qt/qml/BlakholeUI/Main.qml:3:1: module "QtQuick.Layouts" is not installed
qrc:/qt/qml/BlakholeUI/Main.qml:2:1: module "QtQuick.Controls" is not installed
qrc:/qt/qml/BlakholeUI/Main.qml:4:1: module "QtQuick.Effects" is not installed
qrc:/qt/qml/BlakholeUI/Main.qml:3:1: module "QtQuick.Layouts" is not installed
qrc:/qt/qml/BlakholeUI/Main.qml:2:1: module "QtQuick.Controls" is not installed
qt.core.plugin.factoryloader: checking directory path "D:/ghostty-blackhole-main-main/ghostty-blackhole-main/ghostty-blackhole-main/Blakhole_UI/build_qt/accessiblebridge" ...
qt.qml.gc.statistics: Qml GC memory allocation statistics:
qt.qml.gc.statistics: Total memory allocated: 0
qt.qml.gc.statistics: Max memory used before a GC run: 0
qt.qml.gc.statistics: Max memory used after a GC run: 0
qt.qml.gc.statistics: Requests for different item sizes:
qt.qml.gc.statistics:      < 32  bytes:  39
qt.qml.gc.statistics:      < 64  bytes:  2780
qt.qml.gc.statistics:      < 96  bytes:  0
qt.qml.gc.statistics:      < 128  bytes:  61
qt.qml.gc.statistics:      < 160  bytes:  0
qt.qml.gc.statistics:      < 192  bytes:  0
qt.qml.gc.statistics:      >= 224  bytes:  57
"D:/ghostty-blackhole-main-main/ghostty-blackhole-main/ghostty-blackhole-main/Blakhole_UI/build_qt/imageformats/qico.dll" unloaded library 
"D:/ghostty-blackhole-main-main/ghostty-blackhole-main/ghostty-blackhole-main/Blakhole_UI/build_qt/platforms/qwindows.dll" unloaded library 
"D:/ghostty-blackhole-main-main/ghostty-blackhole-main/ghostty-blackhole-main/Blakhole_UI/build_qt/styles/qmodernwindowsstyle.dll" unloaded library 
